2025-07-18 13:18:32 INFO  Utils:112 - [Utils] MethodGroupsHelper.collectMethodsByGroup() took 0 ms.
2025-07-18 13:18:32 INFO  Utils:112 - [Utils] MethodGroupsHelper.sortMethods() took 1 ms.
2025-07-18 13:18:32 INFO  Utils:112 - [Utils] MethodGroupsHelper.collectMethodsByGroup() took 0 ms.
2025-07-18 13:18:32 INFO  Utils:112 - [Utils] MethodGroupsHelper.sortMethods() took 0 ms.
2025-07-18 13:18:32 INFO  Utils:112 - [Utils] MethodGroupsHelper.collectMethodsByGroup() took 0 ms.
2025-07-18 13:18:32 INFO  Utils:112 - [Utils] MethodGroupsHelper.sortMethods() took 0 ms.
2025-07-18 13:18:32 INFO  Utils:112 - [Utils] MethodGroupsHelper.collectMethodsByGroup() took 0 ms.
2025-07-18 13:18:32 INFO  Utils:112 - [Utils] MethodGroupsHelper.sortMethods() took 0 ms.
2025-07-18 13:18:32 INFO  Utils:112 - [Utils] MethodGroupsHelper.collectMethodsByGroup() took 4 ms.
2025-07-18 13:18:32 INFO  Utils:112 - [Utils] MethodGroupsHelper.sortMethods() took 16 ms.
2025-07-18 13:18:32 INFO  Utils:112 - [Utils] MethodGroupsHelper.collectMethodsByGroup() took 0 ms.
2025-07-18 13:18:32 INFO  Utils:112 - [Utils] MethodGroupsHelper.sortMethods() took 0 ms.
2025-07-18 13:18:32 INFO  Utils:112 - [Utils] MethodGroupsHelper.collectMethodsByGroup() took 0 ms.
2025-07-18 13:18:32 INFO  Utils:112 - [Utils] MethodGroupsHelper.sortMethods() took 0 ms.
2025-07-18 13:18:32 INFO  Utils:112 - [Utils] MethodGroupsHelper.collectMethodsByGroup() took 0 ms.
2025-07-18 13:18:32 INFO  Utils:112 - [Utils] MethodGroupsHelper.sortMethods() took 0 ms.
2025-07-18 13:18:32 INFO  Utils:112 - [Utils] MethodGroupsHelper.collectMethodsByGroup() took 0 ms.
2025-07-18 13:18:32 INFO  Utils:112 - [Utils] MethodGroupsHelper.sortMethods() took 0 ms.
2025-07-18 13:18:32 INFO  Utils:112 - [Utils] MethodGroupsHelper.collectMethodsByGroup() took 0 ms.
2025-07-18 13:18:32 INFO  Utils:112 - [Utils] MethodGroupsHelper.sortMethods() took 0 ms.
2025-07-18 13:18:32 INFO  Utils:112 - [Utils] MethodGroupsHelper.collectMethodsByGroup() took 0 ms.
2025-07-18 13:18:32 INFO  Utils:112 - [Utils] MethodGroupsHelper.sortMethods() took 0 ms.
2025-07-18 13:18:32 INFO  Utils:112 - [Utils] MethodGroupsHelper.collectMethodsByGroup() took 0 ms.
2025-07-18 13:18:32 INFO  Utils:112 - [Utils] MethodGroupsHelper.sortMethods() took 0 ms.
2025-07-18 13:18:32 INFO  Utils:112 - [Utils] MethodGroupsHelper.collectMethodsByGroup() took 0 ms.
2025-07-18 13:18:32 INFO  Utils:112 - [Utils] MethodGroupsHelper.sortMethods() took 0 ms.
2025-07-18 13:18:32 INFO  Utils:112 - [Utils] MethodGroupsHelper.collectMethodsByGroup() took 0 ms.
2025-07-18 13:18:32 INFO  Utils:112 - [Utils] MethodGroupsHelper.sortMethods() took 0 ms.
2025-07-18 13:18:32 INFO  Utils:112 - [Utils] MethodGroupsHelper.collectMethodsByGroup() took 0 ms.
2025-07-18 13:18:32 INFO  Utils:112 - [Utils] MethodGroupsHelper.sortMethods() took 0 ms.
2025-07-18 13:18:32 INFO  Utils:112 - [TestNG] Running:
  C:\Users\jutur\AppData\Local\Temp\testng-eclipse--1694840199\testng-customsuite.xml

2025-07-18 13:18:32 INFO  Utils:112 - [Utils] DynamicGraphHelper.createDynamicGraph() took 7 ms.
2025-07-18 13:18:34 INFO  Utils:112 - [TestNG] Time taken by org.testng.reporters.jq.Main@61a91912: 131 ms
2025-07-18 13:18:34 INFO  Utils:112 - [TestNG] Time taken by org.testng.reporters.FailedReporter@5f404594: 30 ms
2025-07-18 13:18:34 INFO  Utils:112 - [TestNG] Time taken by org.testng.reporters.XMLReporter@30331109: 20 ms
2025-07-18 13:18:34 INFO  Utils:112 - [TestNG] Time taken by org.testng.reporters.EmailableReporter2@20ed3303: 15 ms
2025-07-18 13:18:34 INFO  Utils:112 - [TestNG] Time taken by org.testng.reporters.JUnitReportReporter@562c877a: 14 ms
2025-07-18 13:18:34 INFO  Utils:112 - [TestNG] Time taken by org.testng.internal.ExitCodeListener@67001148: 0 ms
2025-07-18 13:23:47 INFO  Utils:112 - [TestNG] Running:
  C:\Users\jutur\eclipse-workspace\opencartV121\testng.xml

2025-07-18 13:23:53 INFO  TC_003_LoginDDT:26 - **** Starting TC_003_LoginDDT *****
2025-07-18 13:24:04 INFO  TC_003_LoginDDT:76 - **** Finished TC_003_LoginDDT *****
2025-07-18 13:24:04 INFO  TC_003_LoginDDT:26 - **** Starting TC_003_LoginDDT *****
2025-07-18 13:24:05 INFO  TC_003_LoginDDT:76 - **** Finished TC_003_LoginDDT *****
2025-07-18 13:24:05 INFO  TC_003_LoginDDT:26 - **** Starting TC_003_LoginDDT *****
2025-07-18 13:24:15 INFO  TC_003_LoginDDT:26 - **** Starting TC_003_LoginDDT *****
2025-07-18 13:24:26 INFO  TC_003_LoginDDT:26 - **** Starting TC_003_LoginDDT *****
2025-07-18 13:24:36 INFO  TC_003_LoginDDT:26 - **** Starting TC_003_LoginDDT *****
2025-07-18 13:26:53 INFO  Utils:112 - [Utils] MethodGroupsHelper.collectMethodsByGroup() took 0 ms.
2025-07-18 13:26:53 INFO  Utils:112 - [Utils] MethodGroupsHelper.sortMethods() took 0 ms.
2025-07-18 13:26:53 INFO  Utils:112 - [Utils] MethodGroupsHelper.collectMethodsByGroup() took 0 ms.
2025-07-18 13:26:53 INFO  Utils:112 - [Utils] MethodGroupsHelper.sortMethods() took 0 ms.
2025-07-18 13:26:53 INFO  Utils:112 - [Utils] MethodGroupsHelper.collectMethodsByGroup() took 0 ms.
2025-07-18 13:26:53 INFO  Utils:112 - [Utils] MethodGroupsHelper.sortMethods() took 0 ms.
2025-07-18 13:26:53 INFO  Utils:112 - [Utils] MethodGroupsHelper.collectMethodsByGroup() took 0 ms.
2025-07-18 13:26:53 INFO  Utils:112 - [Utils] MethodGroupsHelper.sortMethods() took 0 ms.
2025-07-18 13:26:53 INFO  Utils:112 - [Utils] MethodGroupsHelper.collectMethodsByGroup() took 2 ms.
2025-07-18 13:26:53 INFO  Utils:112 - [Utils] MethodGroupsHelper.sortMethods() took 6 ms.
2025-07-18 13:26:53 INFO  Utils:112 - [Utils] MethodGroupsHelper.collectMethodsByGroup() took 0 ms.
2025-07-18 13:26:53 INFO  Utils:112 - [Utils] MethodGroupsHelper.sortMethods() took 0 ms.
2025-07-18 13:26:53 INFO  Utils:112 - [Utils] MethodGroupsHelper.collectMethodsByGroup() took 0 ms.
2025-07-18 13:26:53 INFO  Utils:112 - [Utils] MethodGroupsHelper.sortMethods() took 0 ms.
2025-07-18 13:26:53 INFO  Utils:112 - [Utils] MethodGroupsHelper.collectMethodsByGroup() took 0 ms.
2025-07-18 13:26:53 INFO  Utils:112 - [Utils] MethodGroupsHelper.sortMethods() took 0 ms.
2025-07-18 13:26:53 INFO  Utils:112 - [Utils] MethodGroupsHelper.collectMethodsByGroup() took 0 ms.
2025-07-18 13:26:53 INFO  Utils:112 - [Utils] MethodGroupsHelper.sortMethods() took 0 ms.
2025-07-18 13:26:53 INFO  Utils:112 - [Utils] MethodGroupsHelper.collectMethodsByGroup() took 0 ms.
2025-07-18 13:26:53 INFO  Utils:112 - [Utils] MethodGroupsHelper.sortMethods() took 0 ms.
2025-07-18 13:26:53 INFO  Utils:112 - [Utils] MethodGroupsHelper.collectMethodsByGroup() took 0 ms.
2025-07-18 13:26:53 INFO  Utils:112 - [Utils] MethodGroupsHelper.sortMethods() took 0 ms.
2025-07-18 13:26:53 INFO  Utils:112 - [Utils] MethodGroupsHelper.collectMethodsByGroup() took 0 ms.
2025-07-18 13:26:53 INFO  Utils:112 - [Utils] MethodGroupsHelper.sortMethods() took 0 ms.
2025-07-18 13:26:53 INFO  Utils:112 - [Utils] MethodGroupsHelper.collectMethodsByGroup() took 1 ms.
2025-07-18 13:26:53 INFO  Utils:112 - [Utils] MethodGroupsHelper.sortMethods() took 0 ms.
2025-07-18 13:26:53 INFO  Utils:112 - [Utils] MethodGroupsHelper.collectMethodsByGroup() took 0 ms.
2025-07-18 13:26:53 INFO  Utils:112 - [Utils] MethodGroupsHelper.sortMethods() took 0 ms.
2025-07-18 13:26:53 INFO  Utils:112 - [Utils] MethodGroupsHelper.collectMethodsByGroup() took 0 ms.
2025-07-18 13:26:53 INFO  Utils:112 - [Utils] MethodGroupsHelper.sortMethods() took 0 ms.
2025-07-18 13:26:53 INFO  Utils:112 - [TestNG] Running:
  C:\Users\jutur\AppData\Local\Temp\testng-eclipse-1476180326\testng-customsuite.xml

2025-07-18 13:26:53 INFO  Utils:112 - [Utils] DynamicGraphHelper.createDynamicGraph() took 4 ms.
2025-07-18 13:26:54 INFO  Utils:112 - [TestNG] Time taken by org.testng.reporters.jq.Main@66596a88: 72 ms
2025-07-18 13:26:54 INFO  Utils:112 - [TestNG] Time taken by org.testng.reporters.FailedReporter@6f8e0cee: 12 ms
2025-07-18 13:26:54 INFO  Utils:112 - [TestNG] Time taken by org.testng.reporters.XMLReporter@dffa30b: 8 ms
2025-07-18 13:26:54 INFO  Utils:112 - [TestNG] Time taken by org.testng.reporters.EmailableReporter2@ccd1bc3: 6 ms
2025-07-18 13:26:54 INFO  Utils:112 - [TestNG] Time taken by org.testng.reporters.JUnitReportReporter@30331109: 7 ms
2025-07-18 13:26:54 INFO  Utils:112 - [TestNG] Time taken by org.testng.internal.ExitCodeListener@2571066a: 0 ms
2025-07-18 20:18:37 INFO  Utils:112 - [TestNG] Running:
  C:\Users\jutur\eclipse-workspace\opencartV121\master.xml

2025-07-18 20:18:42 INFO  TC_001_AccountRegistrationtTest:15 - Strating TC_001_AccountRegistrationtTest
2025-07-18 20:18:43 INFO  TC_001_AccountRegistrationtTest:19 - Clicked on My Account 
2025-07-18 20:18:43 INFO  TC_001_AccountRegistrationtTest:22 - Clicked on Register 
2025-07-18 20:18:43 INFO  TC_001_AccountRegistrationtTest:27 - Provided First Name 
2025-07-18 20:18:43 INFO  TC_001_AccountRegistrationtTest:30 - Provided Last Name 
2025-07-18 20:18:43 INFO  TC_001_AccountRegistrationtTest:34 - Provided Email 
2025-07-18 20:18:43 INFO  TC_001_AccountRegistrationtTest:37 - Provided Telephone 
2025-07-18 20:18:43 INFO  TC_001_AccountRegistrationtTest:40 - Provided Password 
2025-07-18 20:18:44 INFO  TC_001_AccountRegistrationtTest:43 - Provided Confrmed Password 
2025-07-18 20:18:44 INFO  TC_001_AccountRegistrationtTest:46 - Set Privacy Policy 
2025-07-18 20:18:44 INFO  TC_001_AccountRegistrationtTest:49 - Clicked on Continue 
2025-07-18 20:18:46 INFO  TC_001_AccountRegistrationtTest:61 - Finished TC_001_AccountRegistrationtTest
2025-07-18 20:18:50 INFO  TC_002_LoginTest:17 - **** Starting TC_002_LoginTest  ****
2025-07-18 20:18:50 INFO  TC_002_LoginTest:24 - clicked on myaccount link on the home page..
2025-07-18 20:18:50 INFO  TC_002_LoginTest:26 - clicked on login link under myaccount..
2025-07-18 20:18:50 INFO  TC_002_LoginTest:30 - Entering valid email and password..
2025-07-18 20:18:51 INFO  TC_002_LoginTest:34 - clicked on login button..
2025-07-18 20:18:51 INFO  TC_002_LoginTest:48 - **** Finished TC_002_LoginTest  ****
